<?xml version="1.0" encoding="UTF-8"?>
<testsuite name="Cucumber" time="56.233" tests="3" skipped="0" failures="1" errors="0">
<testcase classname="Swag Lab Cart" name="Verify cart page" time="10.917">
<system-out><![CDATA[
Given User has opened swag labs browser.....................................passed
And User has log in to the application......................................passed
When User clicks on the cart icon at the top right of the dashboard page....passed
Then Displays the list of product with remove button under each product.....passed
And There is a continue shopping button.....................................passed
And There is a checkout button..............................................passed
]]></system-out>
</testcase>
<testcase classname="Swag Lab Cart" name="Verify navigation from cart into dashboard" time="37.547">
<failure type="org.openqa.selenium.NoSuchElementException" message="no such element: Unable to locate element: {&quot;method&quot;:&quot;css selector&quot;,&quot;selector&quot;:&quot;#continue\-shopping&quot;}
  (Session info: chrome=125.0.6422.141)
For documentation on this error, please visit: https://www.selenium.dev/documentation/webdriver/troubleshooting/errors#no-such-element-exception
Build info: version: '4.20.0', revision: '866c76ca80'
System info: os.name: 'Windows 11', os.arch: 'amd64', os.version: '10.0', java.version: '11.0.21'
Driver info: org.openqa.selenium.chrome.ChromeDriver
Command: [04d258fb19457f90a9fdb2c4f20210ed, findElement {using=id, value=continue-shopping}]
Capabilities {acceptInsecureCerts: false, browserName: chrome, browserVersion: 125.0.6422.141, chrome: {chromedriverVersion: 125.0.6422.141 (4b1e8393712..., userDataDir: C:\Users\Asus\AppData\Local...}, fedcm:accounts: true, goog:chromeOptions: {debuggerAddress: localhost:51420}, networkConnectionEnabled: false, pageLoadStrategy: normal, platformName: windows, proxy: Proxy(), se:cdp: ws://localhost:51420/devtoo..., se:cdpVersion: 125.0.6422.141, setWindowRect: true, strictFileInteractability: false, timeouts: {implicit: 0, pageLoad: 300000, script: 30000}, unhandledPromptBehavior: dismiss and notify, webauthn:extension:credBlob: true, webauthn:extension:largeBlob: true, webauthn:extension:minPinLength: true, webauthn:extension:prf: true, webauthn:virtualAuthenticators: true}
Session ID: 04d258fb19457f90a9fdb2c4f20210ed">
<![CDATA[org.openqa.selenium.NoSuchElementException: no such element: Unable to locate element: {"method":"css selector","selector":"#continue\-shopping"}
  (Session info: chrome=125.0.6422.141)
For documentation on this error, please visit: https://www.selenium.dev/documentation/webdriver/troubleshooting/errors#no-such-element-exception
Build info: version: '4.20.0', revision: '866c76ca80'
System info: os.name: 'Windows 11', os.arch: 'amd64', os.version: '10.0', java.version: '11.0.21'
Driver info: org.openqa.selenium.chrome.ChromeDriver
Command: [04d258fb19457f90a9fdb2c4f20210ed, findElement {using=id, value=continue-shopping}]
Capabilities {acceptInsecureCerts: false, browserName: chrome, browserVersion: 125.0.6422.141, chrome: {chromedriverVersion: 125.0.6422.141 (4b1e8393712..., userDataDir: C:\Users\Asus\AppData\Local...}, fedcm:accounts: true, goog:chromeOptions: {debuggerAddress: localhost:51420}, networkConnectionEnabled: false, pageLoadStrategy: normal, platformName: windows, proxy: Proxy(), se:cdp: ws://localhost:51420/devtoo..., se:cdpVersion: 125.0.6422.141, setWindowRect: true, strictFileInteractability: false, timeouts: {implicit: 0, pageLoad: 300000, script: 30000}, unhandledPromptBehavior: dismiss and notify, webauthn:extension:credBlob: true, webauthn:extension:largeBlob: true, webauthn:extension:minPinLength: true, webauthn:extension:prf: true, webauthn:virtualAuthenticators: true}
Session ID: 04d258fb19457f90a9fdb2c4f20210ed
	at java.base/jdk.internal.reflect.NativeConstructorAccessorImpl.newInstance0(Native Method)
	at java.base/jdk.internal.reflect.NativeConstructorAccessorImpl.newInstance(NativeConstructorAccessorImpl.java:62)
	at java.base/jdk.internal.reflect.DelegatingConstructorAccessorImpl.newInstance(DelegatingConstructorAccessorImpl.java:45)
	at java.base/java.lang.reflect.Constructor.newInstance(Constructor.java:490)
	at org.openqa.selenium.remote.ErrorCodec.decode(ErrorCodec.java:167)
	at org.openqa.selenium.remote.codec.w3c.W3CHttpResponseCodec.decode(W3CHttpResponseCodec.java:138)
	at org.openqa.selenium.remote.codec.w3c.W3CHttpResponseCodec.decode(W3CHttpResponseCodec.java:50)
	at org.openqa.selenium.remote.HttpCommandExecutor.execute(HttpCommandExecutor.java:190)
	at org.openqa.selenium.remote.service.DriverCommandExecutor.invokeExecute(DriverCommandExecutor.java:216)
	at org.openqa.selenium.remote.service.DriverCommandExecutor.execute(DriverCommandExecutor.java:174)
	at org.openqa.selenium.remote.RemoteWebDriver.execute(RemoteWebDriver.java:518)
	at org.openqa.selenium.remote.ElementLocation$ElementFinder$2.findElement(ElementLocation.java:165)
	at org.openqa.selenium.remote.ElementLocation.findElement(ElementLocation.java:59)
	at org.openqa.selenium.remote.RemoteWebDriver.findElement(RemoteWebDriver.java:355)
	at org.openqa.selenium.remote.RemoteWebDriver.findElement(RemoteWebDriver.java:349)
	at org.openqa.selenium.support.pagefactory.DefaultElementLocator.findElement(DefaultElementLocator.java:68)
	at org.openqa.selenium.support.pagefactory.internal.LocatingElementHandler.invoke(LocatingElementHandler.java:38)
	at com.sun.proxy.$Proxy22.click(Unknown Source)
	at webTesting.actions.CartActions.navigateToDashboardFromCart(CartActions.java:33)
	at stepDefinitions.webTesting.CartSteps.userClicksOnContinueShoppingButton(CartSteps.java:44)
	at âœ½.User clicks on continue shopping button(file:///C:/Users/Asus/OneDrive/Documents/SEMESTER%206/PPL/TUBES/TugasFinalPPLTim2%20v1/src/test/resources/features/Cart.feature:21)
]]>
</failure>
<system-out><![CDATA[
Given User has opened swag labs browser.....................................passed
And User has log in to the application......................................passed
When User clicks on continue shopping button................................failed
Then The user sees the name swag labs.......................................skipped
And Displays the product catalogue..........................................skipped
]]></system-out>
</testcase>
<testcase classname="Swag Lab Cart" name="Add 3 types of product with a quantity of 1 to the cart" time="6.943">
<system-out><![CDATA[
Given User has opened swag labs browser.....................................passed
And User has log in to the application......................................passed
When User clicks add to cart button on product "1" once.....................passed
And User clicks add to cart button on product "2" once......................passed
And User clicks add to cart button on product "3" once......................passed
And User clicks on the cart icon at the top right of the dashboard page.....passed
Then Displays the list of 3 products with remove button under each product..passed
And There is a continue shopping button.....................................passed
And There is a checkout button..............................................passed
]]></system-out>
</testcase>
</testsuite>
